<?xml version="1.0" encoding="UTF-8"?>
<!-- Generated by org.testng.reporters.JUnitXMLReporter -->
<testsuite hostname="DESKTOP-A8O5G04" ignored="0" name="Appium Mobile" tests="3" failures="0" timestamp="2022-02-18T17:13:23 GMT" time="27.33" errors="0">
  <testcase name="RESTAutomation" time="13.686" classname="ahamaz21.RestApiTest"/>
  <testcase name="AppiumMobile1" time="0.006" classname="ahamaz21.AppiumMobileTest"/>
  <testcase name="AppiumMobile2" time="0.007" classname="ahamaz21.AppiumMobileTest"/>
</testsuite> <!-- Appium Mobile -->
