<?xml version="1.0" encoding="UTF-8"?>
<testng-results skipped="0" failed="1" ignored="0" total="4" passed="3">
  <reporter-output>
  </reporter-output>
  <suite name="Suite" duration-ms="47855" started-at="2022-02-18T17:12:55 GMT" finished-at="2022-02-18T17:13:43 GMT">
    <groups>
    </groups>
    <test name="Appium Mobile" duration-ms="27330" started-at="2022-02-18T17:12:55 GMT" finished-at="2022-02-18T17:13:22 GMT">
      <class name="ahamaz21.AppiumMobileTest">
        <test-method status="PASS" signature="InitializeBrowserAppiumMobile1()[pri:0, instance:ahamaz21.AppiumMobileTest@55ca8de8]" name="InitializeBrowserAppiumMobile1" is-config="true" duration-ms="24924" started-at="2022-02-18T17:12:55 GMT" finished-at="2022-02-18T17:13:20 GMT">
          <reporter-output>
          </reporter-output>
        </test-method> <!-- InitializeBrowserAppiumMobile1 -->
        <test-method status="PASS" signature="AppiumMobile1()[pri:0, instance:ahamaz21.AppiumMobileTest@55ca8de8]" name="AppiumMobile1" duration-ms="6" started-at="2022-02-18T17:13:20 GMT" finished-at="2022-02-18T17:13:20 GMT">
          <reporter-output>
          </reporter-output>
        </test-method> <!-- AppiumMobile1 -->
        <test-method status="PASS" signature="AppiumMobile2()[pri:0, instance:ahamaz21.AppiumMobileTest@55ca8de8]" name="AppiumMobile2" duration-ms="7" started-at="2022-02-18T17:13:20 GMT" finished-at="2022-02-18T17:13:20 GMT">
          <reporter-output>
          </reporter-output>
        </test-method> <!-- AppiumMobile2 -->
        <test-method status="PASS" signature="tearDown()[pri:0, instance:ahamaz21.AppiumMobileTest@55ca8de8]" name="tearDown" is-config="true" duration-ms="2367" started-at="2022-02-18T17:13:20 GMT" finished-at="2022-02-18T17:13:22 GMT">
          <reporter-output>
          </reporter-output>
        </test-method> <!-- tearDown -->
      </class> <!-- ahamaz21.AppiumMobileTest -->
    </test> <!-- Appium Mobile -->
    <test name="Selenium Browser" duration-ms="47855" started-at="2022-02-18T17:12:55 GMT" finished-at="2022-02-18T17:13:43 GMT">
      <class name="ahamaz21.SeleniumBrowserTest">
        <test-method status="PASS" signature="SeleniumAutomation1()[pri:0, instance:ahamaz21.SeleniumBrowserTest@5ddeb7cb]" name="SeleniumAutomation1" duration-ms="36866" started-at="2022-02-18T17:12:55 GMT" finished-at="2022-02-18T17:13:32 GMT">
          <reporter-output>
          </reporter-output>
        </test-method> <!-- SeleniumAutomation1 -->
        <test-method status="FAIL" signature="SeleniumAutomation2()[pri:0, instance:ahamaz21.SeleniumBrowserTest@5ddeb7cb]" name="SeleniumAutomation2" duration-ms="10140" started-at="2022-02-18T17:13:32 GMT" finished-at="2022-02-18T17:13:42 GMT">
          <exception class="org.openqa.selenium.NoSuchElementException">
            <message>
              <![CDATA[no such element: Unable to locate element: {"method":"xpath","selector":"//iv[1]/div[1]/div[1]/div[1]/a[1]"}
  (Session info: chrome=98.0.4758.82)
For documentation on this error, please visit: https://selenium.dev/exceptions/#no_such_element
Build info: version: '4.1.0', revision: '87802e897b'
System info: host: 'DESKTOP-A8O5G04', ip: '192.168.1.3', os.name: 'Windows 10', os.arch: 'amd64', os.version: '10.0', java.version: '1.8.0_281'
Driver info: org.openqa.selenium.remote.RemoteWebDriver
Command: [0416615be7324d89a3704de51ae0f84b, findElement {using=xpath, value=//iv[1]/div[1]/div[1]/div[1]/a[1]}]
Capabilities {acceptInsecureCerts: false, browserName: chrome, browserVersion: 98.0.4758.82, chrome: {chromedriverVersion: 97.0.4692.71 (adefa7837d02a..., userDataDir: C:\Users\ADMINI~1\AppData\L...}, goog:chromeOptions: {debuggerAddress: localhost:64529}, javascriptEnabled: true, networkConnectionEnabled: false, pageLoadStrategy: normal, platform: WINDOWS, platformName: WINDOWS, proxy: Proxy(), setWindowRect: true, strictFileInteractability: false, timeouts: {implicit: 0, pageLoad: 300000, script: 30000}, unhandledPromptBehavior: dismiss and notify, webauthn:extension:credBlob: true, webauthn:extension:largeBlob: true, webauthn:virtualAuthenticators: true}
Session ID: 0416615be7324d89a3704de51ae0f84b]]>
            </message>
            <full-stacktrace>
              <![CDATA[org.openqa.selenium.NoSuchElementException: no such element: Unable to locate element: {"method":"xpath","selector":"//iv[1]/div[1]/div[1]/div[1]/a[1]"}
  (Session info: chrome=98.0.4758.82)
For documentation on this error, please visit: https://selenium.dev/exceptions/#no_such_element
Build info: version: '4.1.0', revision: '87802e897b'
System info: host: 'DESKTOP-A8O5G04', ip: '192.168.1.3', os.name: 'Windows 10', os.arch: 'amd64', os.version: '10.0', java.version: '1.8.0_281'
Driver info: org.openqa.selenium.remote.RemoteWebDriver
Command: [0416615be7324d89a3704de51ae0f84b, findElement {using=xpath, value=//iv[1]/div[1]/div[1]/div[1]/a[1]}]
Capabilities {acceptInsecureCerts: false, browserName: chrome, browserVersion: 98.0.4758.82, chrome: {chromedriverVersion: 97.0.4692.71 (adefa7837d02a..., userDataDir: C:\Users\ADMINI~1\AppData\L...}, goog:chromeOptions: {debuggerAddress: localhost:64529}, javascriptEnabled: true, networkConnectionEnabled: false, pageLoadStrategy: normal, platform: WINDOWS, platformName: WINDOWS, proxy: Proxy(), setWindowRect: true, strictFileInteractability: false, timeouts: {implicit: 0, pageLoad: 300000, script: 30000}, unhandledPromptBehavior: dismiss and notify, webauthn:extension:credBlob: true, webauthn:extension:largeBlob: true, webauthn:virtualAuthenticators: true}
Session ID: 0416615be7324d89a3704de51ae0f84b
at sun.reflect.NativeConstructorAccessorImpl.newInstance0(Native Method)
at sun.reflect.NativeConstructorAccessorImpl.newInstance(NativeConstructorAccessorImpl.java:62)
at sun.reflect.DelegatingConstructorAccessorImpl.newInstance(DelegatingConstructorAccessorImpl.java:45)
at java.lang.reflect.Constructor.newInstance(Constructor.java:423)
at org.openqa.selenium.remote.codec.w3c.W3CHttpResponseCodec.createException(W3CHttpResponseCodec.java:200)
at org.openqa.selenium.remote.codec.w3c.W3CHttpResponseCodec.decode(W3CHttpResponseCodec.java:133)
at org.openqa.selenium.remote.codec.w3c.W3CHttpResponseCodec.decode(W3CHttpResponseCodec.java:53)
at org.openqa.selenium.remote.HttpCommandExecutor.execute(HttpCommandExecutor.java:184)
at org.openqa.selenium.remote.TracedCommandExecutor.execute(TracedCommandExecutor.java:50)
at org.openqa.selenium.remote.RemoteWebDriver.execute(RemoteWebDriver.java:559)
at org.openqa.selenium.remote.ElementLocation$ElementFinder$2.findElement(ElementLocation.java:162)
at org.openqa.selenium.remote.ElementLocation.findElement(ElementLocation.java:60)
at org.openqa.selenium.remote.RemoteWebDriver.findElement(RemoteWebDriver.java:383)
at org.openqa.selenium.remote.RemoteWebDriver.findElement(RemoteWebDriver.java:375)
at ahamaz21.SeleniumBrowserTest.SeleniumAutomation2(SeleniumBrowserTest.java:123)
at sun.reflect.NativeMethodAccessorImpl.invoke0(Native Method)
at sun.reflect.NativeMethodAccessorImpl.invoke(NativeMethodAccessorImpl.java:62)
at sun.reflect.DelegatingMethodAccessorImpl.invoke(DelegatingMethodAccessorImpl.java:43)
at java.lang.reflect.Method.invoke(Method.java:498)
at org.testng.internal.MethodInvocationHelper.invokeMethod(MethodInvocationHelper.java:134)
at org.testng.internal.TestInvoker.invokeMethod(TestInvoker.java:597)
at org.testng.internal.TestInvoker.invokeTestMethod(TestInvoker.java:173)
at org.testng.internal.MethodRunner.runInSequence(MethodRunner.java:46)
at org.testng.internal.TestInvoker$MethodInvocationAgent.invoke(TestInvoker.java:816)
at org.testng.internal.TestInvoker.invokeTestMethods(TestInvoker.java:146)
at org.testng.internal.TestMethodWorker.invokeTestMethods(TestMethodWorker.java:146)
at org.testng.internal.TestMethodWorker.run(TestMethodWorker.java:128)
at java.util.ArrayList.forEach(ArrayList.java:1259)
at org.testng.TestRunner.privateRun(TestRunner.java:766)
at org.testng.TestRunner.run(TestRunner.java:587)
at org.testng.SuiteRunner.runTest(SuiteRunner.java:384)
at org.testng.SuiteRunner.access$000(SuiteRunner.java:28)
at org.testng.SuiteRunner$SuiteWorker.run(SuiteRunner.java:425)
at org.testng.internal.thread.ThreadUtil.lambda$execute$0(ThreadUtil.java:68)
at java.util.concurrent.FutureTask.run(FutureTask.java:266)
at java.util.concurrent.ThreadPoolExecutor.runWorker(ThreadPoolExecutor.java:1149)
at java.util.concurrent.ThreadPoolExecutor$Worker.run(ThreadPoolExecutor.java:624)
at java.lang.Thread.run(Thread.java:748)
]]>
            </full-stacktrace>
          </exception> <!-- org.openqa.selenium.NoSuchElementException -->
          <reporter-output>
          </reporter-output>
        </test-method> <!-- SeleniumAutomation2 -->
      </class> <!-- ahamaz21.SeleniumBrowserTest -->
    </test> <!-- Selenium Browser -->
  </suite> <!-- Suite -->
</testng-results>
